#-----------------------------------------------------------
# Vivado v2022.1 (64-bit)
# SW Build 3526262 on Mon Apr 18 15:48:16 MDT 2022
# IP Build 3524634 on Mon Apr 18 20:55:01 MDT 2022
# Start of session at: Thu Nov 28 13:32:46 2024
# Process ID: 49240
# Current directory: C:/template/vivado/Example_Project/axi_mult_adder/axi_fnd_mult_adder
# Command line: vivado.exe -gui_launcher_event rodinguilauncherevent64804 C:\template\vivado\Example_Project\axi_mult_adder\axi_fnd_mult_adder\axi_fnd_mult_adder.xpr
# Log file: C:/template/vivado/Example_Project/axi_mult_adder/axi_fnd_mult_adder/vivado.log
# Journal file: C:/template/vivado/Example_Project/axi_mult_adder/axi_fnd_mult_adder\vivado.jou
# Running On: DESKTOP-JA4I3FP, OS: Windows, CPU Frequency: 3793 MHz, CPU Physical cores: 16, Host memory: 34279 MB
#-----------------------------------------------------------
start_gui
open_project C:/template/vivado/Example_Project/axi_mult_adder/axi_fnd_mult_adder/axi_fnd_mult_adder.xpr
WARNING: [Board 49-26] cannot add Board Part xilinx.com:ac701:part0:1.4 available at C:/Xilinx/Vivado/2022.1/data/xhub/boards/XilinxBoardStore/boards/Xilinx/ac701/1.4/board.xml as part xc7a200tfbg676-2 specified in board_part file is either invalid or not available
WARNING: [Board 49-26] cannot add Board Part xilinx.com:kc705:part0:1.6 available at C:/Xilinx/Vivado/2022.1/data/xhub/boards/XilinxBoardStore/boards/Xilinx/kc705/1.6/board.xml as part xc7k325tffg900-2 specified in board_part file is either invalid or not available
WARNING: [Board 49-26] cannot add Board Part xilinx.com:kcu105:part0:1.6 available at C:/Xilinx/Vivado/2022.1/data/xhub/boards/XilinxBoardStore/boards/Xilinx/kcu105/1.6/board.xml as part xcku040-ffva1156-2-e specified in board_part file is either invalid or not available
WARNING: [Board 49-26] cannot add Board Part xilinx.com:kcu105:part0:1.7 available at C:/Xilinx/Vivado/2022.1/data/xhub/boards/XilinxBoardStore/boards/Xilinx/kcu105/1.7/board.xml as part xcku040-ffva1156-2-e specified in board_part file is either invalid or not available
WARNING: [Board 49-26] cannot add Board Part xilinx.com:kcu116:part0:1.4 available at C:/Xilinx/Vivado/2022.1/data/xhub/boards/XilinxBoardStore/boards/Xilinx/kcu116/1.4/board.xml as part xcku5p-ffvb676-2-e specified in board_part file is either invalid or not available
WARNING: [Board 49-26] cannot add Board Part xilinx.com:kcu116:part0:1.5 available at C:/Xilinx/Vivado/2022.1/data/xhub/boards/XilinxBoardStore/boards/Xilinx/kcu116/1.5/board.xml as part xcku5p-ffvb676-2-e specified in board_part file is either invalid or not available
WARNING: [Board 49-26] cannot add Board Part xilinx.com:sp701:part0:1.0 available at C:/Xilinx/Vivado/2022.1/data/xhub/boards/XilinxBoardStore/boards/Xilinx/sp701/1.0/board.xml as part xc7s100fgga676-2 specified in board_part file is either invalid or not available
WARNING: [Board 49-26] cannot add Board Part xilinx.com:sp701:part0:1.1 available at C:/Xilinx/Vivado/2022.1/data/xhub/boards/XilinxBoardStore/boards/Xilinx/sp701/1.1/board.xml as part xc7s100fgga676-2 specified in board_part file is either invalid or not available
WARNING: [Board 49-26] cannot add Board Part xilinx.com:vc707:part0:1.4 available at C:/Xilinx/Vivado/2022.1/data/xhub/boards/XilinxBoardStore/boards/Xilinx/vc707/1.4/board.xml as part xc7vx485tffg1761-2 specified in board_part file is either invalid or not available
WARNING: [Board 49-26] cannot add Board Part xilinx.com:vc709:part0:1.8 available at C:/Xilinx/Vivado/2022.1/data/xhub/boards/XilinxBoardStore/boards/Xilinx/vc709/1.8/board.xml as part xc7vx690tffg1761-2 specified in board_part file is either invalid or not available
WARNING: [Board 49-26] cannot add Board Part xilinx.com:vcu108:part0:1.6 available at C:/Xilinx/Vivado/2022.1/data/xhub/boards/XilinxBoardStore/boards/Xilinx/vcu108/1.6/board.xml as part xcvu095-ffva2104-2-e specified in board_part file is either invalid or not available
WARNING: [Board 49-26] cannot add Board Part xilinx.com:vcu108:part0:1.7 available at C:/Xilinx/Vivado/2022.1/data/xhub/boards/XilinxBoardStore/boards/Xilinx/vcu108/1.7/board.xml as part xcvu095-ffva2104-2-e specified in board_part file is either invalid or not available
WARNING: [Board 49-26] cannot add Board Part xilinx.com:vcu110:part0:1.4 available at C:/Xilinx/Vivado/2022.1/data/xhub/boards/XilinxBoardStore/boards/Xilinx/vcu110/1.4/board.xml as part xcvu190-flgc2104-2-e specified in board_part file is either invalid or not available
WARNING: [Board 49-26] cannot add Board Part xilinx.com:vcu128:part0:1.0 available at C:/Xilinx/Vivado/2022.1/data/xhub/boards/XilinxBoardStore/boards/Xilinx/vcu128/production/1.0/board.xml as part xcvu37p-fsvh2892-2l-e specified in board_part file is either invalid or not available
WARNING: [Board 49-26] cannot add Board Part xilinx.com:vcu129:part0:1.0 available at C:/Xilinx/Vivado/2022.1/data/xhub/boards/XilinxBoardStore/boards/Xilinx/vcu129/production/1.0/board.xml as part xcvu29p-fsga2577-2l-e specified in board_part file is either invalid or not available
WARNING: [Board 49-26] cannot add Board Part xilinx.com:vmk180:part0:2.2 available at C:/Xilinx/Vivado/2022.1/data/xhub/boards/XilinxBoardStore/boards/Xilinx/vmk180/production/2.2/board.xml as part xcvm1802-vsva2197-2mp-e-s specified in board_part file is either invalid or not available
WARNING: [Board 49-26] cannot add Board Part xilinx.com:vmk180:part0:3.0 available at C:/Xilinx/Vivado/2022.1/data/xhub/boards/XilinxBoardStore/boards/Xilinx/vmk180/production/3.0/board.xml as part xcvm1802-vsva2197-2mp-e-s specified in board_part file is either invalid or not available
WARNING: [Board 49-26] cannot add Board Part xilinx.com:vmk180_newl:part0:1.0 available at C:/Xilinx/Vivado/2022.1/data/xhub/boards/XilinxBoardStore/boards/Xilinx/vmk180_newl/production/1.0/board.xml as part xcvm1802-vsva2197-2mp-e-s specified in board_part file is either invalid or not available
WARNING: [Board 49-26] cannot add Board Part xilinx.com:vpk120_es:part0:1.2 available at C:/Xilinx/Vivado/2022.1/data/xhub/boards/XilinxBoardStore/boards/Xilinx/vpk120/es/1.2/board.xml as part xcvp1202-vsva2785-2mp-e-s-es1 specified in board_part file is either invalid or not available
WARNING: [Board 49-26] cannot add Board Part xilinx.com:vpk120_es_revb:part0:1.0 available at C:/Xilinx/Vivado/2022.1/data/xhub/boards/XilinxBoardStore/boards/Xilinx/vpk120_revb/es/1.0/board.xml as part xcvp1202-vsva2785-2mp-e-s-es1 specified in board_part file is either invalid or not available
WARNING: [Board 49-26] cannot add Board Part xilinx.com:zcu208ld:part0:2.0 available at C:/Xilinx/Vivado/2022.1/data/xhub/boards/XilinxBoardStore/boards/Xilinx/zcu208ld/production/2.0/board.xml as part xczu58dr-fsvg1517-2-i specified in board_part file is either invalid or not available
WARNING: [Board 49-26] cannot add Board Part xilinx.com:zcu216ld:part0:2.0 available at C:/Xilinx/Vivado/2022.1/data/xhub/boards/XilinxBoardStore/boards/Xilinx/zcu216ld/production/2.0/board.xml as part xczu59dr-ffvf1760-2-i specified in board_part file is either invalid or not available
WARNING: [Board 49-26] cannot add Board Part xilinx.com:zcu670:part0:2.0 available at C:/Xilinx/Vivado/2022.1/data/xhub/boards/XilinxBoardStore/boards/Xilinx/zcu670/2.0/board.xml as part xczu67dr-fsve1156-2-i specified in board_part file is either invalid or not available
WARNING: [Board 49-26] cannot add Board Part xilinx.com:zcu670ld:part0:1.0 available at C:/Xilinx/Vivado/2022.1/data/xhub/boards/XilinxBoardStore/boards/Xilinx/zcu670ld/1.0/board.xml as part xczu57dr-fsve1156-2-i specified in board_part file is either invalid or not available
INFO: [Project 1-313] Project file moved from '/mnt/ssd1/2024/Huins-ssd1/easysoc-pynq/sogang/export/vivado_template_rev5/template/vivado/Example_Project/axi_mult_adder/axi_fnd_mult_adder' since last save.
CRITICAL WARNING: [Project 1-311] Could not find the file 'C:/../../axi/template/work/sogang/vivado/fnd_ps_pl/axi_fnd_mult_adder/axi_fnd_mult_adder.srcs/utils_1/imports/synth_1/design_1_wrapper.dcp', nor could it be found using path 'C:/mnt/ssd1/2024/Huins-ssd1/easysoc-pynq/sogang/axi/template/work/sogang/vivado/fnd_ps_pl/axi_fnd_mult_adder/axi_fnd_mult_adder.srcs/utils_1/imports/synth_1/design_1_wrapper.dcp'.
WARNING: [Project 1-865] Could not find the file C:/../../axi/template/work/sogang/vivado/fnd_ps_pl/axi_fnd_mult_adder/axi_fnd_mult_adder.srcs/utils_1/imports/synth_1/design_1_wrapper.dcp
Scanning sources...
Finished scanning sources
INFO: [Project 1-1877] Auto incremental dir location 'C:/mnt/ssd1/2024/Huins-ssd1/easysoc-pynq/sogang/axi/template/work/sogang/vivado/fnd_ps_pl/axi_fnd_mult_adder/axi_fnd_mult_adder.srcs/utils_1/imports/synth_1' of run 'synth_1' is not writable, setting it to default location 'C:/template/vivado/Example_Project/axi_mult_adder/axi_fnd_mult_adder/axi_fnd_mult_adder.srcs/utils_1/imports/synth_1'.
INFO: [Project 1-1877] Auto incremental dir location 'C:/mnt/ssd1/2024/Huins-ssd1/easysoc-pynq/sogang/axi/template/work/pynq/axi_mult_adder/axi_mult_adder.srcs/utils_1/imports/synth_1' of run 'synth_1' is not writable, setting it to default location 'C:/template/vivado/Example_Project/axi_mult_adder/axi_fnd_mult_adder/axi_fnd_mult_adder.srcs/utils_1/imports/synth_1'.
WARNING: [Project 1-865] Could not find the file C:/../../axi/template/work/sogang/vivado/fnd_ps_pl/axi_fnd_mult_adder/axi_fnd_mult_adder.srcs/utils_1/imports/synth_1/design_1_wrapper.dcp
INFO: [Project 1-1877] Auto incremental dir location 'C:/mnt/ssd1/2024/Huins-ssd1/easysoc-pynq/sogang/export/vivado_template_rev4/template/vivado/axi_mult_adder/axi_fnd_mult_adder/axi_fnd_mult_adder.srcs/utils_1/imports/xbip_multadd_0_synth_1' of run 'xbip_multadd_0_synth_1' is not writable, setting it to default location 'C:/template/vivado/Example_Project/axi_mult_adder/axi_fnd_mult_adder/axi_fnd_mult_adder.srcs/utils_1/imports/xbip_multadd_0_synth_1'.
INFO: [Project 1-1877] Auto incremental dir location 'C:/mnt/ssd1/2024/Huins-ssd1/easysoc-pynq/sogang/export/vivado_template_rev4/template/vivado/axi_mult_adder/axi_fnd_mult_adder/axi_fnd_mult_adder.srcs/utils_1/imports/xbip_multadd_0_synth_1' of run 'xbip_multadd_0_synth_1' is not writable, setting it to default location 'C:/template/vivado/Example_Project/axi_mult_adder/axi_fnd_mult_adder/axi_fnd_mult_adder.srcs/utils_1/imports/xbip_multadd_0_synth_1'.
WARNING: [Project 1-865] Could not find the file C:/../../axi/template/work/sogang/vivado/fnd_ps_pl/axi_fnd_mult_adder/axi_fnd_mult_adder.srcs/utils_1/imports/synth_1/design_1_wrapper.dcp
INFO: [Project 1-1877] Auto incremental dir location 'C:/mnt/ssd1/2024/Huins-ssd1/easysoc-pynq/sogang/export/vivado_template_rev5/template/vivado/Example_Project/axi_mult_adder/axi_fnd_mult_adder/axi_fnd_mult_adder.srcs/utils_1/imports/design_1_s_axi_template_0_0_synth_1' of run 'design_1_s_axi_template_0_0_synth_1' is not writable, setting it to default location 'C:/template/vivado/Example_Project/axi_mult_adder/axi_fnd_mult_adder/axi_fnd_mult_adder.srcs/utils_1/imports/design_1_s_axi_template_0_0_synth_1'.
INFO: [Project 1-1877] Auto incremental dir location 'C:/mnt/ssd1/2024/Huins-ssd1/easysoc-pynq/sogang/export/vivado_template_rev5/template/vivado/Example_Project/axi_mult_adder/axi_fnd_mult_adder/axi_fnd_mult_adder.srcs/utils_1/imports/design_1_s_axi_template_0_0_synth_1' of run 'design_1_s_axi_template_0_0_synth_1' is not writable, setting it to default location 'C:/template/vivado/Example_Project/axi_mult_adder/axi_fnd_mult_adder/axi_fnd_mult_adder.srcs/utils_1/imports/design_1_s_axi_template_0_0_synth_1'.
WARNING: [Project 1-865] Could not find the file C:/../../axi/template/work/sogang/vivado/fnd_ps_pl/axi_fnd_mult_adder/axi_fnd_mult_adder.srcs/utils_1/imports/synth_1/design_1_wrapper.dcp
INFO: [Project 1-1877] Auto incremental dir location 'C:/mnt/ssd1/2024/Huins-ssd1/easysoc-pynq/sogang/axi/template/work/pynq/axi_mult_adder/axi_mult_adder.srcs/utils_1/imports/impl_1' of run 'impl_1' is not writable, setting it to default location 'C:/template/vivado/Example_Project/axi_mult_adder/axi_fnd_mult_adder/axi_fnd_mult_adder.srcs/utils_1/imports/impl_1'.
INFO: [Project 1-1877] Auto incremental dir location 'C:/mnt/ssd1/2024/Huins-ssd1/easysoc-pynq/sogang/axi/template/work/pynq/axi_mult_adder/axi_mult_adder.srcs/utils_1/imports/impl_1' of run 'impl_1' is not writable, setting it to default location 'C:/template/vivado/Example_Project/axi_mult_adder/axi_fnd_mult_adder/axi_fnd_mult_adder.srcs/utils_1/imports/impl_1'.
WARNING: [Project 1-865] Could not find the file C:/../../axi/template/work/sogang/vivado/fnd_ps_pl/axi_fnd_mult_adder/axi_fnd_mult_adder.srcs/utils_1/imports/synth_1/design_1_wrapper.dcp
INFO: [Project 1-1877] Auto incremental dir location 'C:/mnt/ssd1/2024/Huins-ssd1/easysoc-pynq/sogang/export/vivado_template_rev4/template/vivado/axi_mult_adder/axi_fnd_mult_adder/axi_fnd_mult_adder.srcs/utils_1/imports/xbip_multadd_0_impl_1' of run 'xbip_multadd_0_impl_1' is not writable, setting it to default location 'C:/template/vivado/Example_Project/axi_mult_adder/axi_fnd_mult_adder/axi_fnd_mult_adder.srcs/utils_1/imports/xbip_multadd_0_impl_1'.
INFO: [Project 1-1877] Auto incremental dir location 'C:/mnt/ssd1/2024/Huins-ssd1/easysoc-pynq/sogang/export/vivado_template_rev4/template/vivado/axi_mult_adder/axi_fnd_mult_adder/axi_fnd_mult_adder.srcs/utils_1/imports/xbip_multadd_0_impl_1' of run 'xbip_multadd_0_impl_1' is not writable, setting it to default location 'C:/template/vivado/Example_Project/axi_mult_adder/axi_fnd_mult_adder/axi_fnd_mult_adder.srcs/utils_1/imports/xbip_multadd_0_impl_1'.
INFO: [Project 1-1877] Auto incremental dir location 'C:/mnt/ssd1/2024/Huins-ssd1/easysoc-pynq/sogang/export/vivado_template_rev5/template/vivado/Example_Project/axi_mult_adder/axi_fnd_mult_adder/axi_fnd_mult_adder.srcs/utils_1/imports/design_1_s_axi_template_0_0_impl_1' of run 'design_1_s_axi_template_0_0_impl_1' is not writable, setting it to default location 'C:/template/vivado/Example_Project/axi_mult_adder/axi_fnd_mult_adder/axi_fnd_mult_adder.srcs/utils_1/imports/design_1_s_axi_template_0_0_impl_1'.
INFO: [Project 1-1877] Auto incremental dir location 'C:/mnt/ssd1/2024/Huins-ssd1/easysoc-pynq/sogang/export/vivado_template_rev5/template/vivado/Example_Project/axi_mult_adder/axi_fnd_mult_adder/axi_fnd_mult_adder.srcs/utils_1/imports/design_1_s_axi_template_0_0_impl_1' of run 'design_1_s_axi_template_0_0_impl_1' is not writable, setting it to default location 'C:/template/vivado/Example_Project/axi_mult_adder/axi_fnd_mult_adder/axi_fnd_mult_adder.srcs/utils_1/imports/design_1_s_axi_template_0_0_impl_1'.
INFO: [IP_Flow 19-234] Refreshing IP repositories
INFO: [IP_Flow 19-1704] No user IP repositories specified
INFO: [IP_Flow 19-2313] Loaded Vivado IP repository 'C:/Xilinx/Vivado/2022.1/data/ip'.
open_project: Time (s): cpu = 00:00:20 ; elapsed = 00:00:12 . Memory (MB): peak = 1330.027 ; gain = 111.723
update_compile_order -fileset sources_1
open_bd_design {C:/template/vivado/Example_Project/axi_mult_adder/axi_fnd_mult_adder/axi_fnd_mult_adder.srcs/sources_1/bd/design_1/design_1.bd}
Reading block design file <C:/template/vivado/Example_Project/axi_mult_adder/axi_fnd_mult_adder/axi_fnd_mult_adder.srcs/sources_1/bd/design_1/design_1.bd>...
Adding component instance block -- xilinx.com:ip:zynq_ultra_ps_e:3.4 - zynq_ultra_ps_e_0
Adding component instance block -- xilinx.com:ip:smartconnect:1.0 - axi_smc
Adding component instance block -- xilinx.com:ip:proc_sys_reset:5.0 - rst_ps8_0_100M
Adding component instance block -- xilinx.com:module_ref:seven_seg:1.0 - seven_seg_0
Adding component instance block -- xilinx.com:ip:system_ila:1.1 - system_ila_0
Adding component instance block -- xilinx.com:ip:xlconstant:1.1 - xlconstant_0
Adding component instance block -- xilinx.com:module_ref:s_axi_template:1.0 - s_axi_template_0
Successfully read diagram <design_1> from block design file <C:/template/vivado/Example_Project/axi_mult_adder/axi_fnd_mult_adder/axi_fnd_mult_adder.srcs/sources_1/bd/design_1/design_1.bd>
open_bd_design: Time (s): cpu = 00:00:08 ; elapsed = 00:00:08 . Memory (MB): peak = 1438.754 ; gain = 82.629
INFO: [Vivado 12-8231] Launching Vitis
INFO: [Vivado 12-417] Running vitis
INFO: [Vivado 12-8232] Vitis launch initiated. Please check console for any further messages.
INFO: [Vivado 12-8231] Launching Vitis
INFO: [Vivado 12-417] Running vitis
INFO: [Vivado 12-8232] Vitis launch initiated. Please check console for any further messages.
INFO: [Vivado 12-8231] Launching Vitis
INFO: [Vivado 12-417] Running vitis
INFO: [Vivado 12-8232] Vitis launch initiated. Please check console for any further messages.
exit
INFO: [Common 17-206] Exiting Vivado at Thu Nov 28 15:15:57 2024...
