
*** Running vivado
    with args -log design_1_wrapper.vds -m64 -product Vivado -mode batch -messageDb vivado.pb -notrace -source design_1_wrapper.tcl



****** Vivado v2022.2 (64-bit)
  **** SW Build 3671981 on Fri Oct 14 05:00:03 MDT 2022
  **** IP Build 3669848 on Fri Oct 14 08:30:02 MDT 2022
    ** Copyright 1986-2022 Xilinx, Inc. All Rights Reserved.

source design_1_wrapper.tcl -notrace
create_project: Time (s): cpu = 00:00:05 ; elapsed = 00:00:07 . Memory (MB): peak = 513.246 ; gain = 83.680
INFO: [IP_Flow 19-234] Refreshing IP repositories
INFO: [IP_Flow 19-1704] No user IP repositories specified
INFO: [IP_Flow 19-2313] Loaded Vivado IP repository 'D:/Xilinx/Vivado/2022.2/data/ip'.
WARNING: [BD 41-1661] One or more IPs have been locked in the design 'design_1.bd'. Please run report_ip_status for more details and recommendations on how to fix this issue.
List of locked IPs:
design_1_zynq_ultra_ps_e_0_0
design_1_axi_smc_0
design_1_xlconstant_0_0
design_1_rst_ps8_0_100M_0
design_1_system_ila_0_0

add_files: Time (s): cpu = 00:00:07 ; elapsed = 00:00:14 . Memory (MB): peak = 630.820 ; gain = 117.574
Command: read_checkpoint -auto_incremental -incremental D:/../../axi/template/work/sogang/vivado/fnd_ps_pl/axi_fnd_mult_adder/axi_fnd_mult_adder.srcs/utils_1/imports/synth_1/design_1_wrapper.dcp
INFO: [Vivado 12-5825] Read reference checkpoint from D:/../../axi/template/work/sogang/vivado/fnd_ps_pl/axi_fnd_mult_adder/axi_fnd_mult_adder.srcs/utils_1/imports/synth_1/design_1_wrapper.dcp for incremental synthesis
INFO: [Vivado 12-7989] Please ensure there are no constraint changes
Command: synth_design -top design_1_wrapper -part xczu3eg-sbva484-1-e
Starting synth_design
Attempting to get a license for feature 'Synthesis' and/or device 'xczu3eg'
INFO: [Common 17-349] Got license for feature 'Synthesis' and/or device 'xczu3eg'
INFO: [Device 21-403] Loading part xczu3eg-sbva484-1-e
INFO: [Designutils 20-5440] No compile time benefit to using incremental synthesis; A full resynthesis will be run
INFO: [Designutils 20-4379] Flow is switching to default flow due to incremental criteria not met. If you would like to alter this behaviour and have the flow terminate instead, please set the following parameter config_implementation {autoIncr.Synth.RejectBehavior Terminate}
INFO: [Synth 8-7079] Multithreading enabled for synth_design using a maximum of 2 processes.
INFO: [Synth 8-7078] Launching helper process for spawning children vivado processes
INFO: [Synth 8-7075] Helper process launched with PID 3628
INFO: [Synth 8-11241] undeclared symbol 'REGCCE', assumed default net type 'wire' [D:/Xilinx/Vivado/2022.2/data/verilog/src/unimacro/BRAM_SINGLE_MACRO.v:2170]
---------------------------------------------------------------------------------
Starting RTL Elaboration : Time (s): cpu = 00:00:06 ; elapsed = 00:00:06 . Memory (MB): peak = 1896.000 ; gain = 330.574
---------------------------------------------------------------------------------
INFO: [Synth 8-6157] synthesizing module 'design_1_wrapper' [D:/template_for1/vivado/Example_Project/axi_mult_adder/axi_fnd_mult_adder/axi_fnd_mult_adder.gen/sources_1/bd/design_1/hdl/design_1_wrapper.v:12]
INFO: [Synth 8-6157] synthesizing module 'design_1' [d:/template_for1/vivado/Example_Project/axi_mult_adder/axi_fnd_mult_adder/axi_fnd_mult_adder.gen/sources_1/bd/design_1/synth/design_1.v:12]
INFO: [Synth 8-6157] synthesizing module 'design_1_axi_smc_0' [D:/template_for1/vivado/Example_Project/axi_mult_adder/axi_fnd_mult_adder/axi_fnd_mult_adder.runs/synth_1/.Xil/Vivado-13024-DESKTOP-CFC9RNF/realtime/design_1_axi_smc_0_stub.v:5]
INFO: [Synth 8-6155] done synthesizing module 'design_1_axi_smc_0' (0#1) [D:/template_for1/vivado/Example_Project/axi_mult_adder/axi_fnd_mult_adder/axi_fnd_mult_adder.runs/synth_1/.Xil/Vivado-13024-DESKTOP-CFC9RNF/realtime/design_1_axi_smc_0_stub.v:5]
INFO: [Synth 8-6157] synthesizing module 'design_1_rst_ps8_0_100M_0' [D:/template_for1/vivado/Example_Project/axi_mult_adder/axi_fnd_mult_adder/axi_fnd_mult_adder.runs/synth_1/.Xil/Vivado-13024-DESKTOP-CFC9RNF/realtime/design_1_rst_ps8_0_100M_0_stub.v:5]
INFO: [Synth 8-6155] done synthesizing module 'design_1_rst_ps8_0_100M_0' (0#1) [D:/template_for1/vivado/Example_Project/axi_mult_adder/axi_fnd_mult_adder/axi_fnd_mult_adder.runs/synth_1/.Xil/Vivado-13024-DESKTOP-CFC9RNF/realtime/design_1_rst_ps8_0_100M_0_stub.v:5]
WARNING: [Synth 8-7071] port 'mb_reset' of module 'design_1_rst_ps8_0_100M_0' is unconnected for instance 'rst_ps8_0_100M' [d:/template_for1/vivado/Example_Project/axi_mult_adder/axi_fnd_mult_adder/axi_fnd_mult_adder.gen/sources_1/bd/design_1/synth/design_1.v:184]
WARNING: [Synth 8-7071] port 'bus_struct_reset' of module 'design_1_rst_ps8_0_100M_0' is unconnected for instance 'rst_ps8_0_100M' [d:/template_for1/vivado/Example_Project/axi_mult_adder/axi_fnd_mult_adder/axi_fnd_mult_adder.gen/sources_1/bd/design_1/synth/design_1.v:184]
WARNING: [Synth 8-7071] port 'peripheral_reset' of module 'design_1_rst_ps8_0_100M_0' is unconnected for instance 'rst_ps8_0_100M' [d:/template_for1/vivado/Example_Project/axi_mult_adder/axi_fnd_mult_adder/axi_fnd_mult_adder.gen/sources_1/bd/design_1/synth/design_1.v:184]
WARNING: [Synth 8-7071] port 'interconnect_aresetn' of module 'design_1_rst_ps8_0_100M_0' is unconnected for instance 'rst_ps8_0_100M' [d:/template_for1/vivado/Example_Project/axi_mult_adder/axi_fnd_mult_adder/axi_fnd_mult_adder.gen/sources_1/bd/design_1/synth/design_1.v:184]
WARNING: [Synth 8-7023] instance 'rst_ps8_0_100M' of module 'design_1_rst_ps8_0_100M_0' has 10 connections declared, but only 6 given [d:/template_for1/vivado/Example_Project/axi_mult_adder/axi_fnd_mult_adder/axi_fnd_mult_adder.gen/sources_1/bd/design_1/synth/design_1.v:184]
INFO: [Synth 8-6157] synthesizing module 'design_1_s_axi_template_0_0' [D:/template_for1/vivado/Example_Project/axi_mult_adder/axi_fnd_mult_adder/axi_fnd_mult_adder.runs/synth_1/.Xil/Vivado-13024-DESKTOP-CFC9RNF/realtime/design_1_s_axi_template_0_0_stub.v:5]
INFO: [Synth 8-6155] done synthesizing module 'design_1_s_axi_template_0_0' (0#1) [D:/template_for1/vivado/Example_Project/axi_mult_adder/axi_fnd_mult_adder/axi_fnd_mult_adder.runs/synth_1/.Xil/Vivado-13024-DESKTOP-CFC9RNF/realtime/design_1_s_axi_template_0_0_stub.v:5]
WARNING: [Synth 8-7071] port 'S_AXI_BID' of module 'design_1_s_axi_template_0_0' is unconnected for instance 's_axi_template_0' [d:/template_for1/vivado/Example_Project/axi_mult_adder/axi_fnd_mult_adder/axi_fnd_mult_adder.gen/sources_1/bd/design_1/synth/design_1.v:191]
WARNING: [Synth 8-7071] port 'S_AXI_BUSER' of module 'design_1_s_axi_template_0_0' is unconnected for instance 's_axi_template_0' [d:/template_for1/vivado/Example_Project/axi_mult_adder/axi_fnd_mult_adder/axi_fnd_mult_adder.gen/sources_1/bd/design_1/synth/design_1.v:191]
WARNING: [Synth 8-7071] port 'S_AXI_RID' of module 'design_1_s_axi_template_0_0' is unconnected for instance 's_axi_template_0' [d:/template_for1/vivado/Example_Project/axi_mult_adder/axi_fnd_mult_adder/axi_fnd_mult_adder.gen/sources_1/bd/design_1/synth/design_1.v:191]
WARNING: [Synth 8-7071] port 'S_AXI_RUSER' of module 'design_1_s_axi_template_0_0' is unconnected for instance 's_axi_template_0' [d:/template_for1/vivado/Example_Project/axi_mult_adder/axi_fnd_mult_adder/axi_fnd_mult_adder.gen/sources_1/bd/design_1/synth/design_1.v:191]
WARNING: [Synth 8-7023] instance 's_axi_template_0' of module 'design_1_s_axi_template_0_0' has 51 connections declared, but only 47 given [d:/template_for1/vivado/Example_Project/axi_mult_adder/axi_fnd_mult_adder/axi_fnd_mult_adder.gen/sources_1/bd/design_1/synth/design_1.v:191]
INFO: [Synth 8-6157] synthesizing module 'design_1_seven_seg_0_1' [D:/template_for1/vivado/Example_Project/axi_mult_adder/axi_fnd_mult_adder/axi_fnd_mult_adder.runs/synth_1/.Xil/Vivado-13024-DESKTOP-CFC9RNF/realtime/design_1_seven_seg_0_1_stub.v:5]
INFO: [Synth 8-6155] done synthesizing module 'design_1_seven_seg_0_1' (0#1) [D:/template_for1/vivado/Example_Project/axi_mult_adder/axi_fnd_mult_adder/axi_fnd_mult_adder.runs/synth_1/.Xil/Vivado-13024-DESKTOP-CFC9RNF/realtime/design_1_seven_seg_0_1_stub.v:5]
WARNING: [Synth 8-4446] all outputs are unconnected for this instance and logic may be removed [d:/template_for1/vivado/Example_Project/axi_mult_adder/axi_fnd_mult_adder/axi_fnd_mult_adder.gen/sources_1/bd/design_1/synth/design_1.v:245]
INFO: [Synth 8-6157] synthesizing module 'design_1_system_ila_0_0' [D:/template_for1/vivado/Example_Project/axi_mult_adder/axi_fnd_mult_adder/axi_fnd_mult_adder.runs/synth_1/.Xil/Vivado-13024-DESKTOP-CFC9RNF/realtime/design_1_system_ila_0_0_stub.v:5]
INFO: [Synth 8-6155] done synthesizing module 'design_1_system_ila_0_0' (0#1) [D:/template_for1/vivado/Example_Project/axi_mult_adder/axi_fnd_mult_adder/axi_fnd_mult_adder.runs/synth_1/.Xil/Vivado-13024-DESKTOP-CFC9RNF/realtime/design_1_system_ila_0_0_stub.v:5]
INFO: [Synth 8-6157] synthesizing module 'design_1_xlconstant_0_0' [d:/template_for1/vivado/Example_Project/axi_mult_adder/axi_fnd_mult_adder/axi_fnd_mult_adder.gen/sources_1/bd/design_1/ip/design_1_xlconstant_0_0/synth/design_1_xlconstant_0_0.v:53]
INFO: [Synth 8-6157] synthesizing module 'xlconstant_v1_1_7_xlconstant' [d:/template_for1/vivado/Example_Project/axi_mult_adder/axi_fnd_mult_adder/axi_fnd_mult_adder.gen/sources_1/bd/design_1/ipshared/fcfc/hdl/xlconstant_v1_1_vl_rfs.v:23]
INFO: [Synth 8-6155] done synthesizing module 'xlconstant_v1_1_7_xlconstant' (0#1) [d:/template_for1/vivado/Example_Project/axi_mult_adder/axi_fnd_mult_adder/axi_fnd_mult_adder.gen/sources_1/bd/design_1/ipshared/fcfc/hdl/xlconstant_v1_1_vl_rfs.v:23]
INFO: [Synth 8-6155] done synthesizing module 'design_1_xlconstant_0_0' (0#1) [d:/template_for1/vivado/Example_Project/axi_mult_adder/axi_fnd_mult_adder/axi_fnd_mult_adder.gen/sources_1/bd/design_1/ip/design_1_xlconstant_0_0/synth/design_1_xlconstant_0_0.v:53]
INFO: [Synth 8-6157] synthesizing module 'design_1_zynq_ultra_ps_e_0_0' [D:/template_for1/vivado/Example_Project/axi_mult_adder/axi_fnd_mult_adder/axi_fnd_mult_adder.runs/synth_1/.Xil/Vivado-13024-DESKTOP-CFC9RNF/realtime/design_1_zynq_ultra_ps_e_0_0_stub.v:5]
INFO: [Synth 8-6155] done synthesizing module 'design_1_zynq_ultra_ps_e_0_0' (0#1) [D:/template_for1/vivado/Example_Project/axi_mult_adder/axi_fnd_mult_adder/axi_fnd_mult_adder.runs/synth_1/.Xil/Vivado-13024-DESKTOP-CFC9RNF/realtime/design_1_zynq_ultra_ps_e_0_0_stub.v:5]
INFO: [Synth 8-6155] done synthesizing module 'design_1' (0#1) [d:/template_for1/vivado/Example_Project/axi_mult_adder/axi_fnd_mult_adder/axi_fnd_mult_adder.gen/sources_1/bd/design_1/synth/design_1.v:12]
INFO: [Synth 8-6155] done synthesizing module 'design_1_wrapper' (0#1) [D:/template_for1/vivado/Example_Project/axi_mult_adder/axi_fnd_mult_adder/axi_fnd_mult_adder.gen/sources_1/bd/design_1/hdl/design_1_wrapper.v:12]
INFO: [Synth 8-6071] Mark debug on the nets applies keep_hierarchy on instance 's_axi_template_0'. This will prevent further optimization [d:/template_for1/vivado/Example_Project/axi_mult_adder/axi_fnd_mult_adder/axi_fnd_mult_adder.gen/sources_1/bd/design_1/synth/design_1.v:191]
INFO: [Synth 8-6071] Mark debug on the nets applies keep_hierarchy on instance 'system_ila_0'. This will prevent further optimization [d:/template_for1/vivado/Example_Project/axi_mult_adder/axi_fnd_mult_adder/axi_fnd_mult_adder.gen/sources_1/bd/design_1/synth/design_1.v:245]
INFO: [Synth 8-6071] Mark debug on the nets applies keep_hierarchy on instance 'axi_smc'. This will prevent further optimization [d:/template_for1/vivado/Example_Project/axi_mult_adder/axi_fnd_mult_adder/axi_fnd_mult_adder.gen/sources_1/bd/design_1/synth/design_1.v:107]
INFO: [Synth 8-6071] Mark debug on the nets applies keep_hierarchy on instance 'seven_seg_0'. This will prevent further optimization [d:/template_for1/vivado/Example_Project/axi_mult_adder/axi_fnd_mult_adder/axi_fnd_mult_adder.gen/sources_1/bd/design_1/synth/design_1.v:239]
---------------------------------------------------------------------------------
Finished RTL Elaboration : Time (s): cpu = 00:00:08 ; elapsed = 00:00:08 . Memory (MB): peak = 1992.660 ; gain = 427.234
---------------------------------------------------------------------------------
---------------------------------------------------------------------------------
Start Handling Custom Attributes
---------------------------------------------------------------------------------
---------------------------------------------------------------------------------
Finished Handling Custom Attributes : Time (s): cpu = 00:00:08 ; elapsed = 00:00:08 . Memory (MB): peak = 2010.598 ; gain = 445.172
---------------------------------------------------------------------------------
---------------------------------------------------------------------------------
Finished RTL Optimization Phase 1 : Time (s): cpu = 00:00:08 ; elapsed = 00:00:08 . Memory (MB): peak = 2010.598 ; gain = 445.172
---------------------------------------------------------------------------------
Netlist sorting complete. Time (s): cpu = 00:00:00 ; elapsed = 00:00:00.012 . Memory (MB): peak = 2010.598 ; gain = 0.000
INFO: [Project 1-570] Preparing netlist for logic optimization

Processing XDC Constraints
Initializing timing engine
Parsing XDC File [d:/template_for1/vivado/Example_Project/axi_mult_adder/axi_fnd_mult_adder/axi_fnd_mult_adder.gen/sources_1/bd/design_1/ip/design_1_zynq_ultra_ps_e_0_0/design_1_zynq_ultra_ps_e_0_0/design_1_zynq_ultra_ps_e_0_0_in_context.xdc] for cell 'design_1_i/zynq_ultra_ps_e_0'
Finished Parsing XDC File [d:/template_for1/vivado/Example_Project/axi_mult_adder/axi_fnd_mult_adder/axi_fnd_mult_adder.gen/sources_1/bd/design_1/ip/design_1_zynq_ultra_ps_e_0_0/design_1_zynq_ultra_ps_e_0_0/design_1_zynq_ultra_ps_e_0_0_in_context.xdc] for cell 'design_1_i/zynq_ultra_ps_e_0'
Parsing XDC File [d:/template_for1/vivado/Example_Project/axi_mult_adder/axi_fnd_mult_adder/axi_fnd_mult_adder.gen/sources_1/bd/design_1/ip/design_1_axi_smc_0/design_1_axi_smc_0/design_1_axi_smc_0_in_context.xdc] for cell 'design_1_i/axi_smc'
Finished Parsing XDC File [d:/template_for1/vivado/Example_Project/axi_mult_adder/axi_fnd_mult_adder/axi_fnd_mult_adder.gen/sources_1/bd/design_1/ip/design_1_axi_smc_0/design_1_axi_smc_0/design_1_axi_smc_0_in_context.xdc] for cell 'design_1_i/axi_smc'
Parsing XDC File [d:/template_for1/vivado/Example_Project/axi_mult_adder/axi_fnd_mult_adder/axi_fnd_mult_adder.gen/sources_1/bd/design_1/ip/design_1_rst_ps8_0_100M_0/design_1_rst_ps8_0_100M_0/design_1_rst_ps8_0_100M_0_in_context.xdc] for cell 'design_1_i/rst_ps8_0_100M'
Finished Parsing XDC File [d:/template_for1/vivado/Example_Project/axi_mult_adder/axi_fnd_mult_adder/axi_fnd_mult_adder.gen/sources_1/bd/design_1/ip/design_1_rst_ps8_0_100M_0/design_1_rst_ps8_0_100M_0/design_1_rst_ps8_0_100M_0_in_context.xdc] for cell 'design_1_i/rst_ps8_0_100M'
Parsing XDC File [d:/template_for1/vivado/Example_Project/axi_mult_adder/axi_fnd_mult_adder/axi_fnd_mult_adder.gen/sources_1/bd/design_1/ip/design_1_seven_seg_0_1/design_1_seven_seg_0_1/design_1_seven_seg_0_1_in_context.xdc] for cell 'design_1_i/seven_seg_0'
Finished Parsing XDC File [d:/template_for1/vivado/Example_Project/axi_mult_adder/axi_fnd_mult_adder/axi_fnd_mult_adder.gen/sources_1/bd/design_1/ip/design_1_seven_seg_0_1/design_1_seven_seg_0_1/design_1_seven_seg_0_1_in_context.xdc] for cell 'design_1_i/seven_seg_0'
Parsing XDC File [d:/template_for1/vivado/Example_Project/axi_mult_adder/axi_fnd_mult_adder/axi_fnd_mult_adder.gen/sources_1/bd/design_1/ip/design_1_system_ila_0_0/design_1_system_ila_0_0/design_1_system_ila_0_0_in_context.xdc] for cell 'design_1_i/system_ila_0'
Finished Parsing XDC File [d:/template_for1/vivado/Example_Project/axi_mult_adder/axi_fnd_mult_adder/axi_fnd_mult_adder.gen/sources_1/bd/design_1/ip/design_1_system_ila_0_0/design_1_system_ila_0_0/design_1_system_ila_0_0_in_context.xdc] for cell 'design_1_i/system_ila_0'
Parsing XDC File [d:/template_for1/vivado/Example_Project/axi_mult_adder/axi_fnd_mult_adder/axi_fnd_mult_adder.gen/sources_1/bd/design_1/ip/design_1_s_axi_template_0_0/design_1_s_axi_template_0_0/design_1_s_axi_template_0_0_in_context.xdc] for cell 'design_1_i/s_axi_template_0'
Finished Parsing XDC File [d:/template_for1/vivado/Example_Project/axi_mult_adder/axi_fnd_mult_adder/axi_fnd_mult_adder.gen/sources_1/bd/design_1/ip/design_1_s_axi_template_0_0/design_1_s_axi_template_0_0/design_1_s_axi_template_0_0_in_context.xdc] for cell 'design_1_i/s_axi_template_0'
Parsing XDC File [D:/template_for1/vivado/Example_Project/axi_mult_adder/axi_fnd_mult_adder/axi_fnd_mult_adder.srcs/constrs_1/new/debug.xdc]
WARNING: [Vivado 12-584] No ports matched '[get_ports -of_objects [get_iobanks 65]]'. [D:/template_for1/vivado/Example_Project/axi_mult_adder/axi_fnd_mult_adder/axi_fnd_mult_adder.srcs/constrs_1/new/debug.xdc:20]
Finished Parsing XDC File [D:/template_for1/vivado/Example_Project/axi_mult_adder/axi_fnd_mult_adder/axi_fnd_mult_adder.srcs/constrs_1/new/debug.xdc]
INFO: [Project 1-236] Implementation specific constraints were found while reading constraint file [D:/template_for1/vivado/Example_Project/axi_mult_adder/axi_fnd_mult_adder/axi_fnd_mult_adder.srcs/constrs_1/new/debug.xdc]. These constraints will be ignored for synthesis but will be used in implementation. Impacted constraints are listed in the file [.Xil/design_1_wrapper_propImpl.xdc].
Resolution: To avoid this warning, move constraints listed in [.Xil/design_1_wrapper_propImpl.xdc] to another XDC file and exclude this new file from synthesis with the used_in_synthesis property (File Properties dialog in GUI) and re-run elaboration/synthesis.
Parsing XDC File [D:/template_for1/vivado/Example_Project/axi_mult_adder/axi_fnd_mult_adder/axi_fnd_mult_adder.runs/synth_1/dont_touch.xdc]
Finished Parsing XDC File [D:/template_for1/vivado/Example_Project/axi_mult_adder/axi_fnd_mult_adder/axi_fnd_mult_adder.runs/synth_1/dont_touch.xdc]
Completed Processing XDC Constraints

Netlist sorting complete. Time (s): cpu = 00:00:00 ; elapsed = 00:00:00 . Memory (MB): peak = 2040.957 ; gain = 0.000
INFO: [Project 1-111] Unisim Transformation Summary:
No Unisim elements were transformed.

Constraint Validation Runtime : Time (s): cpu = 00:00:00 ; elapsed = 00:00:00.008 . Memory (MB): peak = 2040.957 ; gain = 0.000
INFO: [Designutils 20-5440] No compile time benefit to using incremental synthesis; A full resynthesis will be run
INFO: [Designutils 20-4379] Flow is switching to default flow due to incremental criteria not met. If you would like to alter this behaviour and have the flow terminate instead, please set the following parameter config_implementation {autoIncr.Synth.RejectBehavior Terminate}
INFO: [Synth 8-11241] undeclared symbol 'REGCCE', assumed default net type 'wire' [D:/Xilinx/Vivado/2022.2/data/verilog/src/unimacro/BRAM_SINGLE_MACRO.v:2170]
---------------------------------------------------------------------------------
Finished Constraint Validation : Time (s): cpu = 00:00:21 ; elapsed = 00:00:22 . Memory (MB): peak = 2040.957 ; gain = 475.531
---------------------------------------------------------------------------------
---------------------------------------------------------------------------------
Start Loading Part and Timing Information
---------------------------------------------------------------------------------
Loading part: xczu3eg-sbva484-1-e
INFO: [Synth 8-6742] Reading net delay rules and data
---------------------------------------------------------------------------------
Finished Loading Part and Timing Information : Time (s): cpu = 00:00:21 ; elapsed = 00:00:22 . Memory (MB): peak = 2040.957 ; gain = 475.531
---------------------------------------------------------------------------------
---------------------------------------------------------------------------------
Start Applying 'set_property' XDC Constraints
---------------------------------------------------------------------------------
Applied set_property KEEP_HIERARCHY = SOFT for design_1_i. (constraint file  auto generated constraint).
Applied set_property KEEP_HIERARCHY = SOFT for design_1_i/zynq_ultra_ps_e_0. (constraint file  auto generated constraint).
Applied set_property KEEP_HIERARCHY = SOFT for design_1_i/axi_smc. (constraint file  auto generated constraint).
Applied set_property KEEP_HIERARCHY = SOFT for design_1_i/rst_ps8_0_100M. (constraint file  auto generated constraint).
Applied set_property KEEP_HIERARCHY = SOFT for design_1_i/seven_seg_0. (constraint file  auto generated constraint).
Applied set_property KEEP_HIERARCHY = SOFT for design_1_i/system_ila_0. (constraint file  auto generated constraint).
Applied set_property KEEP_HIERARCHY = SOFT for design_1_i/xlconstant_0. (constraint file  auto generated constraint).
Applied set_property KEEP_HIERARCHY = SOFT for design_1_i/s_axi_template_0. (constraint file  auto generated constraint).
---------------------------------------------------------------------------------
Finished applying 'set_property' XDC Constraints : Time (s): cpu = 00:00:21 ; elapsed = 00:00:22 . Memory (MB): peak = 2040.957 ; gain = 475.531
---------------------------------------------------------------------------------
---------------------------------------------------------------------------------
Finished RTL Optimization Phase 2 : Time (s): cpu = 00:00:21 ; elapsed = 00:00:22 . Memory (MB): peak = 2040.957 ; gain = 475.531
---------------------------------------------------------------------------------
---------------------------------------------------------------------------------
Start RTL Component Statistics 
---------------------------------------------------------------------------------
Detailed RTL Component Info : 
---------------------------------------------------------------------------------
Finished RTL Component Statistics 
---------------------------------------------------------------------------------
---------------------------------------------------------------------------------
Start Part Resource Summary
---------------------------------------------------------------------------------
Part Resources:
DSPs: 360 (col length:72)
BRAMs: 432 (col length: RAMB18 72 RAMB36 36)
---------------------------------------------------------------------------------
Finished Part Resource Summary
---------------------------------------------------------------------------------
---------------------------------------------------------------------------------
Start Cross Boundary and Area Optimization
---------------------------------------------------------------------------------
WARNING: [Synth 8-7080] Parallel synthesis criteria is not met
---------------------------------------------------------------------------------
Finished Cross Boundary and Area Optimization : Time (s): cpu = 00:00:23 ; elapsed = 00:00:25 . Memory (MB): peak = 2040.957 ; gain = 475.531
---------------------------------------------------------------------------------
---------------------------------------------------------------------------------
Start Applying XDC Timing Constraints
---------------------------------------------------------------------------------
---------------------------------------------------------------------------------
Finished Applying XDC Timing Constraints : Time (s): cpu = 00:00:37 ; elapsed = 00:00:40 . Memory (MB): peak = 2528.664 ; gain = 963.238
---------------------------------------------------------------------------------
---------------------------------------------------------------------------------
Start Timing Optimization
---------------------------------------------------------------------------------
---------------------------------------------------------------------------------
Finished Timing Optimization : Time (s): cpu = 00:00:37 ; elapsed = 00:00:40 . Memory (MB): peak = 2528.738 ; gain = 963.312
---------------------------------------------------------------------------------
---------------------------------------------------------------------------------
Start Technology Mapping
---------------------------------------------------------------------------------
---------------------------------------------------------------------------------
Finished Technology Mapping : Time (s): cpu = 00:00:38 ; elapsed = 00:00:40 . Memory (MB): peak = 2548.309 ; gain = 982.883
---------------------------------------------------------------------------------
---------------------------------------------------------------------------------
Start IO Insertion
---------------------------------------------------------------------------------
---------------------------------------------------------------------------------
Start Flattening Before IO Insertion
---------------------------------------------------------------------------------
---------------------------------------------------------------------------------
Finished Flattening Before IO Insertion
---------------------------------------------------------------------------------
---------------------------------------------------------------------------------
Start Final Netlist Cleanup
---------------------------------------------------------------------------------
---------------------------------------------------------------------------------
Finished Final Netlist Cleanup
---------------------------------------------------------------------------------
---------------------------------------------------------------------------------
Finished IO Insertion : Time (s): cpu = 00:00:43 ; elapsed = 00:00:45 . Memory (MB): peak = 2554.086 ; gain = 988.660
---------------------------------------------------------------------------------
---------------------------------------------------------------------------------
Start Renaming Generated Instances
---------------------------------------------------------------------------------
---------------------------------------------------------------------------------
Finished Renaming Generated Instances : Time (s): cpu = 00:00:43 ; elapsed = 00:00:45 . Memory (MB): peak = 2554.086 ; gain = 988.660
---------------------------------------------------------------------------------
---------------------------------------------------------------------------------
Start Rebuilding User Hierarchy
---------------------------------------------------------------------------------
---------------------------------------------------------------------------------
Finished Rebuilding User Hierarchy : Time (s): cpu = 00:00:43 ; elapsed = 00:00:45 . Memory (MB): peak = 2554.086 ; gain = 988.660
---------------------------------------------------------------------------------
---------------------------------------------------------------------------------
Start Renaming Generated Ports
---------------------------------------------------------------------------------
---------------------------------------------------------------------------------
Finished Renaming Generated Ports : Time (s): cpu = 00:00:43 ; elapsed = 00:00:45 . Memory (MB): peak = 2554.086 ; gain = 988.660
---------------------------------------------------------------------------------
---------------------------------------------------------------------------------
Start Handling Custom Attributes
---------------------------------------------------------------------------------
---------------------------------------------------------------------------------
Finished Handling Custom Attributes : Time (s): cpu = 00:00:43 ; elapsed = 00:00:45 . Memory (MB): peak = 2554.086 ; gain = 988.660
---------------------------------------------------------------------------------
---------------------------------------------------------------------------------
Start Renaming Generated Nets
---------------------------------------------------------------------------------
---------------------------------------------------------------------------------
Finished Renaming Generated Nets : Time (s): cpu = 00:00:43 ; elapsed = 00:00:45 . Memory (MB): peak = 2554.086 ; gain = 988.660
---------------------------------------------------------------------------------
---------------------------------------------------------------------------------
Start Writing Synthesis Report
---------------------------------------------------------------------------------

Report BlackBoxes: 
+------+-----------------------------+----------+
|      |BlackBox name                |Instances |
+------+-----------------------------+----------+
|1     |design_1_axi_smc_0           |         1|
|2     |design_1_rst_ps8_0_100M_0    |         1|
|3     |design_1_s_axi_template_0_0  |         1|
|4     |design_1_seven_seg_0_1       |         1|
|5     |design_1_system_ila_0_0      |         1|
|6     |design_1_zynq_ultra_ps_e_0_0 |         1|
+------+-----------------------------+----------+

Report Cell Usage: 
+------+---------------------------+------+
|      |Cell                       |Count |
+------+---------------------------+------+
|1     |design_1_axi_smc           |     1|
|2     |design_1_rst_ps8_0_100M    |     1|
|3     |design_1_s_axi_template_0  |     1|
|4     |design_1_seven_seg_0       |     1|
|5     |design_1_system_ila_0      |     1|
|6     |design_1_zynq_ultra_ps_e_0 |     1|
|7     |OBUF                       |    12|
+------+---------------------------+------+
---------------------------------------------------------------------------------
Finished Writing Synthesis Report : Time (s): cpu = 00:00:43 ; elapsed = 00:00:45 . Memory (MB): peak = 2554.086 ; gain = 988.660
---------------------------------------------------------------------------------
Synthesis finished with 0 errors, 0 critical warnings and 1 warnings.
Synthesis Optimization Runtime : Time (s): cpu = 00:00:28 ; elapsed = 00:00:38 . Memory (MB): peak = 2554.086 ; gain = 958.301
Synthesis Optimization Complete : Time (s): cpu = 00:00:43 ; elapsed = 00:00:46 . Memory (MB): peak = 2554.086 ; gain = 988.660
INFO: [Project 1-571] Translating synthesized netlist
Netlist sorting complete. Time (s): cpu = 00:00:00 ; elapsed = 00:00:00.012 . Memory (MB): peak = 2566.145 ; gain = 0.000
INFO: [Project 1-570] Preparing netlist for logic optimization
INFO: [Opt 31-138] Pushed 0 inverter(s) to 0 load pin(s).
Netlist sorting complete. Time (s): cpu = 00:00:00 ; elapsed = 00:00:00 . Memory (MB): peak = 2594.406 ; gain = 0.000
INFO: [Project 1-111] Unisim Transformation Summary:
No Unisim elements were transformed.

Synth Design complete, checksum: fb2ebf9b
INFO: [Common 17-83] Releasing license: Synthesis
49 Infos, 14 Warnings, 0 Critical Warnings and 0 Errors encountered.
synth_design completed successfully
synth_design: Time (s): cpu = 00:00:51 ; elapsed = 00:00:57 . Memory (MB): peak = 2594.406 ; gain = 1963.586
INFO: [Common 17-1381] The checkpoint 'D:/template_for1/vivado/Example_Project/axi_mult_adder/axi_fnd_mult_adder/axi_fnd_mult_adder.runs/synth_1/design_1_wrapper.dcp' has been generated.
INFO: [runtcl-4] Executing : report_utilization -file design_1_wrapper_utilization_synth.rpt -pb design_1_wrapper_utilization_synth.pb
INFO: [Common 17-206] Exiting Vivado at Wed Dec 18 20:41:16 2024...
